Determining if the pthread_create exist failed with the following output:
Change Dir: /home/danila/source/labs/labs2sem/quadtree/CMakeFiles/CMakeTmp

Run Build Command:"/usr/bin/make" "cmTC_0840d/fast"
/usr/bin/make -f CMakeFiles/cmTC_0840d.dir/build.make CMakeFiles/cmTC_0840d.dir/build
make[1]: вход в каталог «/home/danila/source/labs/labs2sem/quadtree/CMakeFiles/CMakeTmp»
Building C object CMakeFiles/cmTC_0840d.dir/CheckSymbolExists.c.o
/usr/bin/cc    -o CMakeFiles/cmTC_0840d.dir/CheckSymbolExists.c.o   -c /home/danila/source/labs/labs2sem/quadtree/CMakeFiles/CMakeTmp/CheckSymbolExists.c
Linking C executable cmTC_0840d
/usr/bin/cmake -E cmake_link_script CMakeFiles/cmTC_0840d.dir/link.txt --verbose=1
/usr/bin/cc      -rdynamic CMakeFiles/cmTC_0840d.dir/CheckSymbolExists.c.o  -o cmTC_0840d 
CMakeFiles/cmTC_0840d.dir/CheckSymbolExists.c.o: In function `main':
CheckSymbolExists.c:(.text+0x1b): undefined reference to `pthread_create'
collect2: error: ld returned 1 exit status
CMakeFiles/cmTC_0840d.dir/build.make:97: recipe for target 'cmTC_0840d' failed
make[1]: *** [cmTC_0840d] Error 1
make[1]: выход из каталога «/home/danila/source/labs/labs2sem/quadtree/CMakeFiles/CMakeTmp»
Makefile:126: recipe for target 'cmTC_0840d/fast' failed
make: *** [cmTC_0840d/fast] Error 2

File /home/danila/source/labs/labs2sem/quadtree/CMakeFiles/CMakeTmp/CheckSymbolExists.c:
/* */
#include <pthread.h>

int main(int argc, char** argv)
{
  (void)argv;
#ifndef pthread_create
  return ((int*)(&pthread_create))[argc];
#else
  (void)argc;
  return 0;
#endif
}

Determining if the function pthread_create exists in the pthreads failed with the following output:
Change Dir: /home/danila/source/labs/labs2sem/quadtree/CMakeFiles/CMakeTmp

Run Build Command:"/usr/bin/make" "cmTC_ea02c/fast"
/usr/bin/make -f CMakeFiles/cmTC_ea02c.dir/build.make CMakeFiles/cmTC_ea02c.dir/build
make[1]: вход в каталог «/home/danila/source/labs/labs2sem/quadtree/CMakeFiles/CMakeTmp»
Building C object CMakeFiles/cmTC_ea02c.dir/CheckFunctionExists.c.o
/usr/bin/cc   -DCHECK_FUNCTION_EXISTS=pthread_create   -o CMakeFiles/cmTC_ea02c.dir/CheckFunctionExists.c.o   -c /usr/share/cmake-3.10/Modules/CheckFunctionExists.c
Linking C executable cmTC_ea02c
/usr/bin/cmake -E cmake_link_script CMakeFiles/cmTC_ea02c.dir/link.txt --verbose=1
/usr/bin/cc  -DCHECK_FUNCTION_EXISTS=pthread_create    -rdynamic CMakeFiles/cmTC_ea02c.dir/CheckFunctionExists.c.o  -o cmTC_ea02c -lpthreads 
/usr/bin/ld: cannot find -lpthreads
collect2: error: ld returned 1 exit status
CMakeFiles/cmTC_ea02c.dir/build.make:97: recipe for target 'cmTC_ea02c' failed
make[1]: *** [cmTC_ea02c] Error 1
make[1]: выход из каталога «/home/danila/source/labs/labs2sem/quadtree/CMakeFiles/CMakeTmp»
Makefile:126: recipe for target 'cmTC_ea02c/fast' failed
make: *** [cmTC_ea02c/fast] Error 2


