Determining if the pthread_create exist failed with the following output:
Change Dir: /home/danila/source/labs/labs2sem/graph/CMakeFiles/CMakeTmp

Run Build Command:"/usr/bin/make" "cmTC_a4375/fast"
/usr/bin/make -f CMakeFiles/cmTC_a4375.dir/build.make CMakeFiles/cmTC_a4375.dir/build
make[1]: вход в каталог «/home/danila/source/labs/labs2sem/graph/CMakeFiles/CMakeTmp»
Building C object CMakeFiles/cmTC_a4375.dir/CheckSymbolExists.c.o
/usr/bin/cc    -o CMakeFiles/cmTC_a4375.dir/CheckSymbolExists.c.o   -c /home/danila/source/labs/labs2sem/graph/CMakeFiles/CMakeTmp/CheckSymbolExists.c
Linking C executable cmTC_a4375
/usr/bin/cmake -E cmake_link_script CMakeFiles/cmTC_a4375.dir/link.txt --verbose=1
/usr/bin/cc      -rdynamic CMakeFiles/cmTC_a4375.dir/CheckSymbolExists.c.o  -o cmTC_a4375 
CMakeFiles/cmTC_a4375.dir/CheckSymbolExists.c.o: In function `main':
CheckSymbolExists.c:(.text+0x1b): undefined reference to `pthread_create'
collect2: error: ld returned 1 exit status
CMakeFiles/cmTC_a4375.dir/build.make:97: recipe for target 'cmTC_a4375' failed
make[1]: *** [cmTC_a4375] Error 1
make[1]: выход из каталога «/home/danila/source/labs/labs2sem/graph/CMakeFiles/CMakeTmp»
Makefile:126: recipe for target 'cmTC_a4375/fast' failed
make: *** [cmTC_a4375/fast] Error 2

File /home/danila/source/labs/labs2sem/graph/CMakeFiles/CMakeTmp/CheckSymbolExists.c:
/* */
#include <pthread.h>

int main(int argc, char** argv)
{
  (void)argv;
#ifndef pthread_create
  return ((int*)(&pthread_create))[argc];
#else
  (void)argc;
  return 0;
#endif
}

Determining if the function pthread_create exists in the pthreads failed with the following output:
Change Dir: /home/danila/source/labs/labs2sem/graph/CMakeFiles/CMakeTmp

Run Build Command:"/usr/bin/make" "cmTC_98326/fast"
/usr/bin/make -f CMakeFiles/cmTC_98326.dir/build.make CMakeFiles/cmTC_98326.dir/build
make[1]: вход в каталог «/home/danila/source/labs/labs2sem/graph/CMakeFiles/CMakeTmp»
Building C object CMakeFiles/cmTC_98326.dir/CheckFunctionExists.c.o
/usr/bin/cc   -DCHECK_FUNCTION_EXISTS=pthread_create   -o CMakeFiles/cmTC_98326.dir/CheckFunctionExists.c.o   -c /usr/share/cmake-3.10/Modules/CheckFunctionExists.c
Linking C executable cmTC_98326
/usr/bin/cmake -E cmake_link_script CMakeFiles/cmTC_98326.dir/link.txt --verbose=1
/usr/bin/cc  -DCHECK_FUNCTION_EXISTS=pthread_create    -rdynamic CMakeFiles/cmTC_98326.dir/CheckFunctionExists.c.o  -o cmTC_98326 -lpthreads 
/usr/bin/ld: cannot find -lpthreads
collect2: error: ld returned 1 exit status
CMakeFiles/cmTC_98326.dir/build.make:97: recipe for target 'cmTC_98326' failed
make[1]: *** [cmTC_98326] Error 1
make[1]: выход из каталога «/home/danila/source/labs/labs2sem/graph/CMakeFiles/CMakeTmp»
Makefile:126: recipe for target 'cmTC_98326/fast' failed
make: *** [cmTC_98326/fast] Error 2


